####<2016-07-07T08:43:26.307+1000> <Info> <com.oracle.ovm.mgr.api.job.JobEngine> <detnpman007> <AdminServer> <Odof Tcp Client Thread: /127.0.0.1:54321/62122> <<anonymous>> <> <4ba78adf-962f-4628-9271-79fa854ddcb3-00000004> <1467845006307> <BEA-000000> <Sleep was interrupted on Job: Create Virtual Disk: test on Repository: test, job time: 1467843345254, operation: File Construct>
####<2016-07-07T08:43:26.315+1000> <Info> <com.oracle.ovm.mgr.api.job.InternalJob> <detnpman007> <AdminServer> <Odof Tcp Client Thread: /127.0.0.1:54321/62122> <<anonymous>> <> <4ba78adf-962f-4628-9271-79fa854ddcb3-00000004> <1467845006315> <BEA-000000> <Job: Create Virtual Disk: test on Repository: test, Time: 1467843345254, Aborted (Operation) OVMAPI_5000E Job: 1467843345254/Create Virtual Disk: test on Repository: test/Create Virtual Disk: test on Repository: test, was aborted [Thu Jul 07 08:43:26 AEST 2016]
com.oracle.ovm.mgr.api.exception.JobAbortException: OVMAPI_5000E Job: 1467843345254/Create Virtual Disk: test on Repository: test/Create Virtual Disk: test on Repository: test, was aborted [Thu Jul 07 08:43:26 AEST 2016]
	at com.oracle.ovm.mgr.api.job.JobEngine.checkJobStatus(JobEngine.java:653)
	at com.oracle.ovm.mgr.api.job.JobEngine.objectAsyncStart(JobEngine.java:636)
	at com.oracle.ovm.mgr.op.physical.storage.FileConstruct.action(FileConstruct.java:71)
	at com.oracle.ovm.mgr.api.collectable.ManagedObjectDbImpl.executeCurrentJobOperationAction(ManagedObjectDbImpl.java:1206)
	at sun.reflect.GeneratedMethodAccessor865.invoke(Unknown Source)
	at sun.reflect.DelegatingMethodAccessorImpl.invoke(DelegatingMethodAccessorImpl.java:43)
	at java.lang.reflect.Method.invoke(Method.java:606)
	at com.oracle.odof.core.AbstractVessel.invokeMethod(AbstractVessel.java:387)
	at com.oracle.odof.core.AbstractVessel.invokeMethod(AbstractVessel.java:364)
	at com.oracle.odof.core.storage.Transaction.invokeMethod(Transaction.java:778)
	at com.oracle.odof.core.Exchange.invokeMethod(Exchange.java:244)
	at com.oracle.ovm.mgr.api.virtual.VirtualDiskProxy.executeCurrentJobOperationAction(Unknown Source)
	at com.oracle.ovm.mgr.api.job.JobEngine.operationActioner(JobEngine.java:240)
	at com.oracle.ovm.mgr.api.job.JobEngine.objectActioner(JobEngine.java:332)
	at com.oracle.ovm.mgr.api.job.InternalJobDbImpl.objectCommitter(InternalJobDbImpl.java:1644)
	at sun.reflect.GeneratedMethodAccessor892.invoke(Unknown Source)
	at sun.reflect.DelegatingMethodAccessorImpl.invoke(DelegatingMethodAccessorImpl.java:43)
	at java.lang.reflect.Method.invoke(Method.java:606)
	at com.oracle.odof.core.AbstractVessel.invokeMethod(AbstractVessel.java:387)
	at com.oracle.odof.core.AbstractVessel.invokeMethod(AbstractVessel.java:364)
	at com.oracle.odof.core.BasicWork.invokeMethod(BasicWork.java:111)
	at com.oracle.odof.command.InvokeMethodCommand.process(InvokeMethodCommand.java:92)
	at com.oracle.odof.core.BasicWork.processCommand(BasicWork.java:86)
	at com.oracle.odof.core.TransactionManager.processCommand(TransactionManager.java:701)
	at com.oracle.odof.core.WorkflowManager.processCommand(WorkflowManager.java:464)
	at com.oracle.odof.core.WorkflowManager.processWork(WorkflowManager.java:529)
	at com.oracle.odof.io.AbstractClient.run(AbstractClient.java:64)
	at java.lang.Thread.run(Thread.java:745)
>
####<2016-07-07T08:43:26.342+1000> <Error> <com.oracle.ovm.mgr.api.job.Job> <detnpman007> <AdminServer> <Thread-9695-Create Virtual Disk: test on Repository: test> <admin> <> <4ba78adf-962f-4628-9271-79fa854ddcb3-00015d57> <1467845006342> <BEA-000000> <Job[Create Virtual Disk: test on Repository: test] Abort Commit due to : OVMAPI_5000E Job: 1467843345254/Create Virtual Disk: test on Repository: test/Create Virtual Disk: test on Repository: test, was aborted [Thu Jul 07 08:43:26 AEST 2016]
com.oracle.ovm.mgr.api.exception.JobAbortException: OVMAPI_5000E Job: 1467843345254/Create Virtual Disk: test on Repository: test/Create Virtual Disk: test on Repository: test, was aborted [Thu Jul 07 08:43:26 AEST 2016]
	at com.oracle.ovm.mgr.api.job.JobEngine.checkJobStatus(JobEngine.java:653)
	at com.oracle.ovm.mgr.api.job.JobEngine.objectAsyncStart(JobEngine.java:636)
	at com.oracle.ovm.mgr.op.physical.storage.FileConstruct.action(FileConstruct.java:71)
	at com.oracle.ovm.mgr.api.collectable.ManagedObjectDbImpl.executeCurrentJobOperationAction(ManagedObjectDbImpl.java:1206)
	at sun.reflect.GeneratedMethodAccessor865.invoke(Unknown Source)
	at sun.reflect.DelegatingMethodAccessorImpl.invoke(DelegatingMethodAccessorImpl.java:43)
	at java.lang.reflect.Method.invoke(Method.java:606)
	at com.oracle.odof.core.AbstractVessel.invokeMethod(AbstractVessel.java:387)
	at com.oracle.odof.core.AbstractVessel.invokeMethod(AbstractVessel.java:364)
	at com.oracle.odof.core.storage.Transaction.invokeMethod(Transaction.java:778)
	at com.oracle.odof.core.Exchange.invokeMethod(Exchange.java:244)
	at com.oracle.ovm.mgr.api.virtual.VirtualDiskProxy.executeCurrentJobOperationAction(Unknown Source)
	at com.oracle.ovm.mgr.api.job.JobEngine.operationActioner(JobEngine.java:240)
	at com.oracle.ovm.mgr.api.job.JobEngine.objectActioner(JobEngine.java:332)
	at com.oracle.ovm.mgr.api.job.InternalJobDbImpl.objectCommitter(InternalJobDbImpl.java:1644)
	at sun.reflect.GeneratedMethodAccessor892.invoke(Unknown Source)
	at sun.reflect.DelegatingMethodAccessorImpl.invoke(DelegatingMethodAccessorImpl.java:43)
	at java.lang.reflect.Method.invoke(Method.java:606)
	at com.oracle.odof.core.AbstractVessel.invokeMethod(AbstractVessel.java:387)
	at com.oracle.odof.core.AbstractVessel.invokeMethod(AbstractVessel.java:364)
	at com.oracle.odof.core.BasicWork.invokeMethod(BasicWork.java:111)
	at com.oracle.odof.command.InvokeMethodCommand.process(InvokeMethodCommand.java:92)
	at com.oracle.odof.core.BasicWork.processCommand(BasicWork.java:86)
	at com.oracle.odof.core.TransactionManager.processCommand(TransactionManager.java:701)
	at com.oracle.odof.core.WorkflowManager.processCommand(WorkflowManager.java:464)
	at com.oracle.odof.core.WorkflowManager.processWork(WorkflowManager.java:529)
	at com.oracle.odof.io.AbstractClient.run(AbstractClient.java:64)
	at java.lang.Thread.run(Thread.java:745)
>
####<2016-07-07T08:43:26.926+1000> <Info> <Health> <detnpman007> <AdminServer> <weblogic.GCMonitor> <<anonymous>> <> <4ba78adf-962f-4628-9271-79fa854ddcb3-0000000b> <1467845006926> <BEA-310002> <63% of the total memory in the server is free.>
####<2016-07-07T08:43:27.290+1000> <Error> <com.oracle.ovm.mgr.faces.util.OvmActionUtils> <detnpman007> <AdminServer> <SequentialExecutor-TMTCRmzSL-CZHQOwmQbEowXiLqPP-B1Ox8xLr48t_6vqT4Tn1vG9!-42481283!1467843229002> <admin> <> <4ba78adf-962f-4628-9271-79fa854ddcb3-00015d55> <1467845007290> <BEA-000000> <Error creating object of class com.oracle.appfw.ovm.generatedpojos.VirtualDiskPOJO@0 with the error: Job failed on Core: Aborted>
####<2016-07-07T08:44:10.715+1000> <Info> <com.oracle.ovm.mgr.op.physical.storage.FileConstruct> <detnpman007> <AdminServer> <Odof Tcp Client Thread: /127.0.0.1:54321/62122> <<anonymous>> <> <4ba78adf-962f-4628-9271-79fa854ddcb3-00000004> <1467845050715> <BEA-000000> <Creating file: test_web, sparse: true, in repo: DR WEB Edupay repository 1, via server: detdrovs002>
